<?xml version="1.0" encoding="UTF-8"?>
<testsuite xmlns:xsi="http://www.w3.org/2001/XMLSchema-instance" xsi:noNamespaceSchemaLocation="https://maven.apache.org/surefire/maven-surefire-plugin/xsd/surefire-test-report-3.0.xsd" version="3.0" name="TestSuite" time="4.214" tests="1" errors="0" skipped="0" failures="0">
  <properties>
[...]
</properties>
  <testcase name="createAirlineAndVerify" classname="airlines.AirlineTestsNew" time="3.194">
    <system-out><![CDATA[{
    "_id": "641e737f27d2b9173171f276",
    "id": 864604,
    "name": "Cletus",
    "country": "Togo",
    "logo": "AyTAjGscNIoRkdHTVbRFaGRoE",
    "slogan": "JMTzzhBTSrocNMHaIkST",
    "head_quaters": "Eladiaville",
    "website": "https://pPDWkfbjPI.com",
    "established": "1949",
    "__v": 0
}
]]></system-out>
    <system-err><![CDATA[SLF4J: Failed to load class "org.slf4j.impl.StaticLoggerBinder".
SLF4J: Defaulting to no-operation (NOP) logger implementation
SLF4J: See http://www.slf4j.org/codes.html#StaticLoggerBinder for further details.
]]></system-err>
  </testcase>
</testsuite>