<?xml version="1.0" encoding="UTF-8"?>
<testng-results ignored="0" total="1" passed="1" failed="0" skipped="0">
  <reporter-output>
  </reporter-output>
  <suite started-at="2023-03-25T00:07:22 GMT-04:00" name="All Test Suite" finished-at="2023-03-25T00:07:26 GMT-04:00" duration-ms="3489">
    <groups>
    </groups>
    <test started-at="2023-03-25T00:07:22 GMT-04:00" name="C:/WorldOfRetargetCommon/RetargetCommonRestAPIAutomationFramework/src/test/java/airlines/AirlineTests.java" finished-at="2023-03-25T00:07:26 GMT-04:00" duration-ms="3489">
      <class name="airlines.AirlineTestsNew">
        <test-method signature="createAirlineAndVerify()[pri:0, instance:airlines.AirlineTestsNew@1b410308]" started-at="2023-03-25T00:07:22 GMT-04:00" name="createAirlineAndVerify" finished-at="2023-03-25T00:07:26 GMT-04:00" duration-ms="3195" status="PASS">
          <reporter-output>
          </reporter-output>
        </test-method> <!-- createAirlineAndVerify -->
      </class> <!-- airlines.AirlineTestsNew -->
    </test> <!-- C:/WorldOfRetargetCommon/RetargetCommonRestAPIAutomationFramework/src/test/java/airlines/AirlineTests.java -->
  </suite> <!-- All Test Suite -->
</testng-results>
